[1761292198.293][INFO]: Starting ChromeDriver 141.0.7390.122 (b477534e7e10d193e916cd4e2967c589383625b2-refs/branch-heads/7390@{#2667}) on port 56636
[1761292198.293][INFO]: Please see https://chromedriver.chromium.org/security-considerations for suggestions on keeping ChromeDriver safe.
[1761292198.310][INFO]: ChromeDriver was started successfully on port 56636
[1761292198.767][INFO]: [588172c40249bc3f2318a872c6b97677] COMMAND InitSession {
   "capabilities": {
      "firstMatch": [ {
         "browserName": "chrome",
         "goog:chromeOptions": {
            "args": [ "--window-size=1920,1080", "--ignore-certificate-errors", "--headless" ],
            "extensions": [  ]
         }
      } ]
   },
   "desiredCapabilities": {
      "browserName": "chrome",
      "goog:chromeOptions": {
         "args": [ "--window-size=1920,1080", "--ignore-certificate-errors", "--headless" ],
         "extensions": [  ]
      }
   }
}
[1761292198.770][INFO]: Browser search. Trying... C:\Users\test_1234\.cache\selenium\chromedriver\win64\141.0.7390.122\chrome.exe
[1761292198.770][INFO]: Browser search. Trying... C:\Users\test_1234\.cache\selenium\chromedriver\win64\141.0.7390.122\chrome.exe
[1761292198.770][INFO]: Browser search. Trying... C:\Users\test_1234\.cache\selenium\chromedriver\win64\141.0.7390.122\chromium.exe
[1761292198.776][INFO]: Browser search. Trying... C:\Users\test_1234\AppData\Local\Google\Chrome\Application\chrome.exe
[1761292198.776][INFO]: Browser search. Trying... C:\Program Files\Google\Chrome\Application\chrome.exe
[1761292198.777][INFO]: Browser search. Found at  C:\Program Files\Google\Chrome\Application\chrome.exe
[1761292198.779][INFO]: Populating Preferences file: {
   "alternate_error_pages": {
      "enabled": false
   },
   "autofill": {
      "enabled": false
   },
   "browser": {
      "check_default_browser": false
   },
   "distribution": {
      "import_bookmarks": false,
      "import_history": false,
      "import_search_engine": false,
      "make_chrome_default_for_user": false,
      "skip_first_run_ui": true
   },
   "dns_prefetching": {
      "enabled": false
   },
   "profile": {
      "content_settings": {
         "pattern_pairs": {
            "https://*,*": {
               "media-stream": {
                  "audio": "Default",
                  "video": "Default"
               }
            }
         }
      },
      "default_content_setting_values": {
         "geolocation": 1
      },
      "default_content_settings": {
         "geolocation": 1,
         "mouselock": 1,
         "notifications": 1,
         "popups": 1,
         "ppapi-broker": 1
      },
      "password_manager_enabled": false
   },
   "safebrowsing": {
      "enabled": false
   },
   "search": {
      "suggest_enabled": false
   },
   "translate": {
      "enabled": false
   }
}
[1761292198.782][INFO]: Populating Local State file: {
   "background_mode": {
      "enabled": false
   },
   "ssl": {
      "rev_checking": {
         "enabled": false
      }
   }
}
[1761292198.787][INFO]: ChromeDriver supports communication with Chrome via pipes. This is more reliable and more secure.
[1761292198.787][INFO]: Use the --remote-debugging-pipe Chrome switch instead of the default --remote-debugging-port to enable this communication mode.
[1761292198.794][INFO]: Launching chrome: "C:\Program Files\Google\Chrome\Application\chrome.exe" --allow-pre-commit-input --disable-background-networking --disable-backgrounding-occluded-windows --disable-client-side-phishing-detection --disable-default-apps --disable-hang-monitor --disable-popup-blocking --disable-prompt-on-repost --disable-sync --enable-automation --enable-logging --headless --ignore-certificate-errors --log-level=0 --no-first-run --no-service-autorun --password-store=basic --remote-debugging-port=0 --test-type=webdriver --use-mock-keychain --user-data-dir="C:\Users\TEST_1~1\AppData\Local\Temp\2\scoped_dir24692_1736926839" --window-size=1920,1080 data:,
[1761292199.621][DEBUG]: DevTools HTTP Request: http://localhost:54041/json/version
[1761292199.965][DEBUG]: DevTools HTTP Response: {
   "Browser": "Chrome/141.0.7390.108",
   "Protocol-Version": "1.3",
   "User-Agent": "Mozilla/5.0 (Windows NT 10.0; Win64; x64) AppleWebKit/537.36 (KHTML, like Gecko) HeadlessChrome/141.0.0.0 Safari/537.36",
   "V8-Version": "14.1.146.11",
   "WebKit-Version": "537.36 (@79abd1fdb9fb181f228c16000a90806ceaa09fc5)",
   "webSocketDebuggerUrl": "ws://localhost:54041/devtools/browser/5111988a-97dd-49c3-81f2-a497a5961383"
}

[1761292199.965][DEBUG]: DevTools HTTP Request: http://localhost:54041/json/list
[1761292199.967][DEBUG]: DevTools HTTP Response: [ {
   "description": "",
   "devtoolsFrontendUrl": "https://chrome-devtools-frontend.appspot.com/serve_rev/@79abd1fdb9fb181f228c16000a90806ceaa09fc5/inspector.html?ws=localhost:54041/devtools/page/85DE1A44FC7E37F49845BC5CAF293480",
   "id": "85DE1A44FC7E37F49845BC5CAF293480",
   "title": "",
   "type": "page",
   "url": "data:,",
   "webSocketDebuggerUrl": "ws://localhost:54041/devtools/page/85DE1A44FC7E37F49845BC5CAF293480"
} ]

[1761292199.990][INFO]: resolved localhost to ["::1","127.0.0.1"]
[1761292200.016][DEBUG]: DevTools WebSocket Command: Target.getTargets (id=1) (session_id=) browser {
   "filter": [ {
      "exclude": true,
      "type": "browser"
   }, {
      "exclude": true,
      "type": "page"
   }, {
      "exclude": false
   } ]
}
[1761292200.022][DEBUG]: DevTools WebSocket Response: Target.getTargets (id=1) (session_id=) browser {
   "targetInfos": [ {
      "attached": false,
      "browserContextId": "0BA2B5F63CDC3B44D62E26DB837BAF5A",
      "canAccessOpener": false,
      "targetId": "72F2B4A0383F2F405B522C045DC9035F",
      "title": "",
      "type": "tab",
      "url": "data:,"
   } ]
}
[1761292200.022][DEBUG]: DevTools WebSocket Command: Target.attachToTarget (id=2) (session_id=) browser {
   "flatten": true,
   "targetId": "72F2B4A0383F2F405B522C045DC9035F"
}
[1761292200.041][DEBUG]: DevTools WebSocket Event: Target.attachedToTarget (session_id=) browser {
   "sessionId": "98AF2E34EB0C4DEB1844B945E90992B8",
   "targetInfo": {
      "attached": true,
      "browserContextId": "0BA2B5F63CDC3B44D62E26DB837BAF5A",
      "canAccessOpener": false,
      "targetId": "72F2B4A0383F2F405B522C045DC9035F",
      "title": "",
      "type": "tab",
      "url": "data:,"
   },
   "waitingForDebugger": false
}
[1761292200.041][DEBUG]: DevTools WebSocket Response: Target.attachToTarget (id=2) (session_id=) browser {
   "sessionId": "98AF2E34EB0C4DEB1844B945E90992B8"
}
[1761292200.041][DEBUG]: DevTools WebSocket Command: Target.setAutoAttach (id=3) (session_id=98AF2E34EB0C4DEB1844B945E90992B8) 72F2B4A0383F2F405B522C045DC9035F {
   "autoAttach": true,
   "flatten": true,
   "waitForDebuggerOnStart": false
}
[1761292200.044][DEBUG]: DevTools WebSocket Event: Target.attachedToTarget (session_id=98AF2E34EB0C4DEB1844B945E90992B8) 72F2B4A0383F2F405B522C045DC9035F {
   "sessionId": "CC80F3FB690105A3A5B2EC6E06C57106",
   "targetInfo": {
      "attached": true,
      "browserContextId": "0BA2B5F63CDC3B44D62E26DB837BAF5A",
      "canAccessOpener": false,
      "targetId": "85DE1A44FC7E37F49845BC5CAF293480",
      "title": "",
      "type": "page",
      "url": "data:,"
   },
   "waitingForDebugger": false
}
[1761292200.044][DEBUG]: DevTools WebSocket Command: Page.enable (id=4) (session_id=CC80F3FB690105A3A5B2EC6E06C57106) 85DE1A44FC7E37F49845BC5CAF293480 {
}
[1761292200.044][DEBUG]: DevTools WebSocket Command: Page.addScriptToEvaluateOnNewDocument (id=5) (session_id=CC80F3FB690105A3A5B2EC6E06C57106) 85DE1A44FC7E37F49845BC5CAF293480 {
   "source": "(function () {window.cdc_adoQpoasnfa76pfcZLmcfl_Array = window.Array;window.cdc_adoQpoasnfa76pfcZLmcfl_Object = window.Object;window.cdc_adoQpoasnfa76pfcZLmcfl_Promise = window.Promise;window.cdc_a..."
}
[1761292200.045][DEBUG]: DevTools WebSocket Command: Runtime.evaluate (id=6) (session_id=CC80F3FB690105A3A5B2EC6E06C57106) 85DE1A44FC7E37F49845BC5CAF293480 {
   "expression": "(function () {window.cdc_adoQpoasnfa76pfcZLmcfl_Array = window.Array;window.cdc_adoQpoasnfa76pfcZLmcfl_Object = window.Object;window.cdc_adoQpoasnfa76pfcZLmcfl_Promise = window.Promise;window.cdc_a..."
}
[1761292200.045][DEBUG]: DevTools WebSocket Command: Log.enable (id=7) (session_id=CC80F3FB690105A3A5B2EC6E06C57106) 85DE1A44FC7E37F49845BC5CAF293480 {
}
[1761292200.045][DEBUG]: DevTools WebSocket Command: Target.setAutoAttach (id=8) (session_id=CC80F3FB690105A3A5B2EC6E06C57106) 85DE1A44FC7E37F49845BC5CAF293480 {
   "autoAttach": true,
   "flatten": true,
   "waitForDebuggerOnStart": false
}
[1761292200.045][DEBUG]: DevTools WebSocket Response: Target.setAutoAttach (id=3) (session_id=98AF2E34EB0C4DEB1844B945E90992B8) 72F2B4A0383F2F405B522C045DC9035F {
}
[1761292200.164][DEBUG]: DevTools WebSocket Response: Page.enable (id=4) (session_id=CC80F3FB690105A3A5B2EC6E06C57106) 85DE1A44FC7E37F49845BC5CAF293480 {
}
[1761292200.164][DEBUG]: DevTools WebSocket Response: Page.addScriptToEvaluateOnNewDocument (id=5) (session_id=CC80F3FB690105A3A5B2EC6E06C57106) 85DE1A44FC7E37F49845BC5CAF293480 {
   "identifier": "1"
}
[1761292200.164][DEBUG]: DevTools WebSocket Response: Runtime.evaluate (id=6) (session_id=CC80F3FB690105A3A5B2EC6E06C57106) 85DE1A44FC7E37F49845BC5CAF293480 {
   "result": {
      "type": "undefined"
   }
}
[1761292200.164][DEBUG]: DevTools WebSocket Response: Log.enable (id=7) (session_id=CC80F3FB690105A3A5B2EC6E06C57106) 85DE1A44FC7E37F49845BC5CAF293480 {
}
[1761292200.164][DEBUG]: DevTools WebSocket Response: Target.setAutoAttach (id=8) (session_id=CC80F3FB690105A3A5B2EC6E06C57106) 85DE1A44FC7E37F49845BC5CAF293480 {
}
[1761292200.164][DEBUG]: DevTools WebSocket Command: Runtime.enable (id=9) (session_id=CC80F3FB690105A3A5B2EC6E06C57106) 85DE1A44FC7E37F49845BC5CAF293480 {
}
[1761292200.176][DEBUG]: DevTools WebSocket Event: Page.domContentEventFired (session_id=CC80F3FB690105A3A5B2EC6E06C57106) 85DE1A44FC7E37F49845BC5CAF293480 {
   "timestamp": 499785.55116
}
[1761292200.176][DEBUG]: DevTools WebSocket Event: Page.loadEventFired (session_id=CC80F3FB690105A3A5B2EC6E06C57106) 85DE1A44FC7E37F49845BC5CAF293480 {
   "timestamp": 499785.551829
}
[1761292200.177][DEBUG]: DevTools WebSocket Event: Page.frameStoppedLoading (session_id=CC80F3FB690105A3A5B2EC6E06C57106) 85DE1A44FC7E37F49845BC5CAF293480 {
   "frameId": "85DE1A44FC7E37F49845BC5CAF293480"
}
[1761292200.177][DEBUG]: DevTools WebSocket Event: Page.frameResized (session_id=CC80F3FB690105A3A5B2EC6E06C57106) 85DE1A44FC7E37F49845BC5CAF293480 {
}
[1761292200.178][DEBUG]: DevTools WebSocket Event: Runtime.executionContextCreated (session_id=CC80F3FB690105A3A5B2EC6E06C57106) 85DE1A44FC7E37F49845BC5CAF293480 {
   "context": {
      "auxData": {
         "frameId": "85DE1A44FC7E37F49845BC5CAF293480",
         "isDefault": true,
         "type": "default"
      },
      "id": 1,
      "name": "",
      "origin": "://",
      "uniqueId": "6481406728206781815.-7425154090110691548"
   }
}
[1761292200.178][DEBUG]: DevTools WebSocket Response: Runtime.enable (id=9) (session_id=CC80F3FB690105A3A5B2EC6E06C57106) 85DE1A44FC7E37F49845BC5CAF293480 {
}
[1761292200.178][DEBUG]: DevTools WebSocket Command: Runtime.enable (id=10) (session_id=CC80F3FB690105A3A5B2EC6E06C57106) 85DE1A44FC7E37F49845BC5CAF293480 {
}
[1761292200.179][DEBUG]: DevTools WebSocket Response: Runtime.enable (id=10) (session_id=CC80F3FB690105A3A5B2EC6E06C57106) 85DE1A44FC7E37F49845BC5CAF293480 {
}
[1761292200.179][INFO]: [588172c40249bc3f2318a872c6b97677] RESPONSE InitSession {
   "capabilities": {
      "acceptInsecureCerts": false,
      "browserName": "chrome",
      "browserVersion": "141.0.7390.108",
      "chrome": {
         "chromedriverVersion": "141.0.7390.122 (b477534e7e10d193e916cd4e2967c589383625b2-refs/branch-heads/7390@{#2667})",
         "userDataDir": "C:\\Users\\TEST_1~1\\AppData\\Local\\Temp\\2\\scoped_dir24692_1736926839"
      },
      "fedcm:accounts": true,
      "goog:chromeOptions": {
         "debuggerAddress": "localhost:54041"
      },
      "networkConnectionEnabled": false,
      "pageLoadStrategy": "normal",
      "platformName": "windows",
      "proxy": {
      },
      "setWindowRect": true,
      "strictFileInteractability": false,
      "timeouts": {
         "implicit": 0,
         "pageLoad": 300000,
         "script": 30000
      },
      "unhandledPromptBehavior": "dismiss and notify",
      "webauthn:extension:credBlob": true,
      "webauthn:extension:largeBlob": true,
      "webauthn:extension:minPinLength": true,
      "webauthn:extension:prf": true,
      "webauthn:virtualAuthenticators": true
   },
   "sessionId": "588172c40249bc3f2318a872c6b97677"
}
